<?xml version="1.0" encoding="UTF-8"?>
<!-- Generated by org.testng.reporters.JUnitReportReporter -->
<testsuite hostname="USER-20151206XD" name="com.demo.test.testcases.openurl.OpenurlPage_001_openurlsucss_Test" tests="1" failures="0" timestamp="12 Mar 2019 08:05:44 GMT" time="7.872" errors="0">
  <testcase name="openurlsucss" time="7.872" classname="com.demo.test.testcases.openurl.OpenurlPage_001_openurlsucss_Test"/>
</testsuite> <!-- com.demo.test.testcases.openurl.OpenurlPage_001_openurlsucss_Test -->
