<?xml version="1.0" encoding="UTF-8"?>
<!-- Generated by org.testng.reporters.JUnitReportReporter -->
<testsuite hostname="USER-20151206XD" name="com.demo.test.testcases.login.LoginPage_op002_loginfail_Test" tests="1" failures="0" timestamp="22 Mar 2019 18:02:40 GMT" time="4.024" errors="0">
  <testcase name="loginfail" time="4.024" classname="com.demo.test.testcases.login.LoginPage_op002_loginfail_Test"/>
</testsuite> <!-- com.demo.test.testcases.login.LoginPage_op002_loginfail_Test -->
