<?xml version="1.0" encoding="UTF-8"?>
<!-- Generated by org.testng.reporters.JUnitReportReporter -->
<testsuite hostname="USER-20151206XD" name="com.demo.test.testcases.login.LoginPage_op_LoginSuccessFunction_Test" tests="1" failures="0" timestamp="21 Mar 2019 05:44:27 GMT" time="23.486" errors="0">
  <testcase name="loginSuccessFunction" time="23.486" classname="com.demo.test.testcases.login.LoginPage_op_LoginSuccessFunction_Test"/>
</testsuite> <!-- com.demo.test.testcases.login.LoginPage_op_LoginSuccessFunction_Test -->
