<?xml version="1.0" encoding="UTF-8"?>
<!-- Generated by org.testng.reporters.JUnitReportReporter -->
<testsuite hostname="USER-20151206XD" name="com.demo.test.testcases.login.LoginPage_001_LoginSuccessFunction_Test" tests="1" failures="0" timestamp="12 Mar 2019 08:05:44 GMT" time="13.950" errors="0">
  <testcase name="loginSuccessFunction" time="13.950" classname="com.demo.test.testcases.login.LoginPage_001_LoginSuccessFunction_Test"/>
</testsuite> <!-- com.demo.test.testcases.login.LoginPage_001_LoginSuccessFunction_Test -->
