<?xml version="1.0" encoding="UTF-8"?>
<!-- Generated by org.testng.reporters.JUnitReportReporter -->
<testsuite hostname="USER-20151206XD" name="com.demo.test.testcases.openurl.OpenurlPage_op001_openurlsucss_Test" tests="1" failures="0" timestamp="21 Mar 2019 08:29:14 GMT" time="12.310" errors="0">
  <testcase name="openurlsucss" time="12.310" classname="com.demo.test.testcases.openurl.OpenurlPage_op001_openurlsucss_Test"/>
</testsuite> <!-- com.demo.test.testcases.openurl.OpenurlPage_op001_openurlsucss_Test -->
