<?xml version="1.0" encoding="UTF-8"?>
<!-- Generated by org.testng.reporters.JUnitReportReporter -->
<testsuite hostname="USER-20151206XD" name="com.demo.test.testcases.login.LoginPage_001_LoginSuccessFunction_Test" tests="1" failures="0" timestamp="21 Mar 2019 05:53:01 GMT" time="17.243" errors="0">
  <testcase name="loginSuccessFunction" time="17.243" classname="com.demo.test.testcases.login.LoginPage_001_LoginSuccessFunction_Test"/>
</testsuite> <!-- com.demo.test.testcases.login.LoginPage_001_LoginSuccessFunction_Test -->
