<?xml version="1.0" encoding="UTF-8"?>
<!-- Generated by org.testng.reporters.JUnitReportReporter -->
<testsuite hostname="USER-20151206XD" name="com.demo.test.testcases.login.LoginPage_002_LoginFailedFun_Test" tests="1" failures="0" timestamp="21 Mar 2019 03:26:20 GMT" time="5.143" errors="0">
  <testcase name="loginFailedFun" time="5.143" classname="com.demo.test.testcases.login.LoginPage_002_LoginFailedFun_Test"/>
</testsuite> <!-- com.demo.test.testcases.login.LoginPage_002_LoginFailedFun_Test -->
