<?xml version="1.0" encoding="UTF-8"?>
<!-- Generated by org.testng.reporters.JUnitReportReporter -->
<testsuite hostname="USER-20151206XD" name="com.demo.test.testcases.login.LoginPage_op001_loginsuc_Test" tests="1" failures="0" timestamp="22 Mar 2019 18:02:40 GMT" time="11.140" errors="0">
  <testcase name="loginsuc" time="11.140" classname="com.demo.test.testcases.login.LoginPage_op001_loginsuc_Test"/>
</testsuite> <!-- com.demo.test.testcases.login.LoginPage_op001_loginsuc_Test -->
