<?xml version="1.0" encoding="UTF-8"?>
<!-- Generated by org.testng.reporters.JUnitReportReporter -->
<testsuite hostname="USER-20151206XD" name="com.demo.test.testcases.login.LoginPage_002_loginfail_Test" tests="1" failures="0" timestamp="21 Mar 2019 06:33:20 GMT" time="3.738" errors="0">
  <testcase name="loginfail" time="3.738" classname="com.demo.test.testcases.login.LoginPage_002_loginfail_Test"/>
</testsuite> <!-- com.demo.test.testcases.login.LoginPage_002_loginfail_Test -->
