<?xml version="1.0" encoding="UTF-8"?>
<!-- Generated by org.testng.reporters.JUnitReportReporter -->
<testsuite hostname="USER-20151206XD" name="com.demo.test.testcases.login.LoginPage_002_LoginSuccessFunction_Test" tests="1" failures="0" timestamp="11 Dec 2018 09:23:53 GMT" time="5.406" errors="0">
  <testcase name="cxTest" time="5.406" classname="com.demo.test.testcases.login.LoginPage_002_LoginSuccessFunction_Test"/>
</testsuite> <!-- com.demo.test.testcases.login.LoginPage_002_LoginSuccessFunction_Test -->
