<?xml version="1.0" encoding="UTF-8"?>
<!-- Generated by org.testng.reporters.JUnitReportReporter -->
<testsuite hostname="USER-20151206XD" name="com.demo.test.testcases.login.LoginPage_001_loginsuc_Test" tests="1" failures="0" timestamp="21 Mar 2019 06:33:20 GMT" time="21.479" errors="0">
  <testcase name="loginsuc" time="21.479" classname="com.demo.test.testcases.login.LoginPage_001_loginsuc_Test"/>
</testsuite> <!-- com.demo.test.testcases.login.LoginPage_001_loginsuc_Test -->
