<?xml version="1.0" encoding="UTF-8"?>
<!-- Generated by org.testng.reporters.JUnitReportReporter -->
<testsuite hostname="USER-20151206XD" name="com.demo.test.testcases.login.SearchPage_001_SearchSuccessFunction_Test" tests="1" failures="0" timestamp="11 Dec 2018 09:43:02 GMT" time="6.770" errors="0">
  <testcase name="cxTest" time="6.770" classname="com.demo.test.testcases.login.SearchPage_001_SearchSuccessFunction_Test"/>
</testsuite> <!-- com.demo.test.testcases.login.SearchPage_001_SearchSuccessFunction_Test -->
