<?xml version="1.0" encoding="UTF-8"?>
<!-- Generated by org.testng.reporters.JUnitReportReporter -->
<testsuite hostname="USER-20151206XD" name="com.demo.test.testcases.search.SearchPage_001_SearchSuccessFunction_Test" tests="1" failures="0" timestamp="8 Jan 2019 09:44:26 GMT" time="6.727" errors="0">
  <testcase name="cxTest" time="6.727" classname="com.demo.test.testcases.search.SearchPage_001_SearchSuccessFunction_Test"/>
</testsuite> <!-- com.demo.test.testcases.search.SearchPage_001_SearchSuccessFunction_Test -->
